<?xml version="1.0" encoding="UTF-8"?>
<!-- Generated by org.testng.reporters.JUnitReportReporter -->
<testsuite hostname="LTIN511361" failures="0" tests="1" name="miniproject.data" time="0.006" errors="0" timestamp="2024-03-12T10:03:09 IST" skipped="0">
  <testcase classname="miniproject.data" name="dispMsg" time="0.006"/>
</testsuite> <!-- miniproject.data -->
